<?xml version="1.0" encoding="UTF-8"?>
<testng-results skipped="0" failed="0" ignored="0" total="1" passed="1">
  <reporter-output>
  </reporter-output>
  <suite name="Default suite" duration-ms="74272" started-at="2019-03-23T18:46:58Z" finished-at="2019-03-23T18:48:12Z">
    <groups>
    </groups>
    <test name="Default test" duration-ms="74272" started-at="2019-03-23T18:46:58Z" finished-at="2019-03-23T18:48:12Z">
      <class name="com.Googleforms.Webforms">
        <test-method status="PASS" signature="googlefourms()[pri:0, instance:com.Googleforms.Webforms@6f7fd0e6]" name="googlefourms" duration-ms="71942" started-at="2019-03-23T18:46:58Z" finished-at="2019-03-23T18:48:10Z">
          <reporter-output>
          </reporter-output>
        </test-method> <!-- googlefourms -->
        <test-method status="PASS" signature="closebrowser()[pri:0, instance:com.Googleforms.Webforms@6f7fd0e6]" name="closebrowser" is-config="true" duration-ms="2311" started-at="2019-03-23T18:48:10Z" finished-at="2019-03-23T18:48:12Z">
          <reporter-output>
          </reporter-output>
        </test-method> <!-- closebrowser -->
      </class> <!-- com.Googleforms.Webforms -->
    </test> <!-- Default test -->
  </suite> <!-- Default suite -->
</testng-results>
